Target Part: A3P1000_FBGA144_-2
Report for cell NMR_TOP.verilog
  Core Cell usage:
              cell count     area count*area
              AND2    63      1.0       63.0
             AND2A    19      1.0       19.0
              AND3   129      1.0      129.0
             AND3B     1      1.0        1.0
               AO1   162      1.0      162.0
              AO18    92      1.0       92.0
              AO1A    95      1.0       95.0
              AO1B    20      1.0       20.0
              AO1C    77      1.0       77.0
              AO1D    10      1.0       10.0
              AOI1    16      1.0       16.0
             AOI1A    15      1.0       15.0
             AOI1B     9      1.0        9.0
               AX1     9      1.0        9.0
              AX1A     1      1.0        1.0
              AX1C    59      1.0       59.0
              BUFF    19      1.0       19.0
            CLKINT     3      0.0        0.0
               GND   112      0.0        0.0
               INV     9      1.0        9.0
              MAJ3     3      1.0        3.0
              MIN3    10      1.0       10.0
               MX2   634      1.0      634.0
              MX2A    15      1.0       15.0
              MX2B    32      1.0       32.0
              MX2C     6      1.0        6.0
             NAND2    33      1.0       33.0
            NAND3A    24      1.0       24.0
              NOR2    67      1.0       67.0
             NOR2A   402      1.0      402.0
             NOR2B   641      1.0      641.0
              NOR3    85      1.0       85.0
             NOR3A   139      1.0      139.0
             NOR3B   218      1.0      218.0
             NOR3C   271      1.0      271.0
               OA1    40      1.0       40.0
              OA1A    17      1.0       17.0
              OA1B    38      1.0       38.0
              OA1C    15      1.0       15.0
              OAI1     9      1.0        9.0
               OR2    81      1.0       81.0
              OR2A   104      1.0      104.0
              OR2B    30      1.0       30.0
               OR3   213      1.0      213.0
              OR3A    17      1.0       17.0
              OR3B    11      1.0       11.0
              OR3C     4      1.0        4.0
               PLL     1      0.0        0.0
               VCC   112      0.0        0.0
               XA1    63      1.0       63.0
              XA1A    11      1.0       11.0
              XA1B     1      1.0        1.0
              XA1C    25      1.0       25.0
             XNOR2    86      1.0       86.0
             XNOR3    93      1.0       93.0
               XO1   107      1.0      107.0
              XOR2   412      1.0      412.0
              XOR3    19      1.0       19.0


              DFI0     1      1.0        1.0
              DFN0     1      1.0        1.0
            DFN0C0    27      1.0       27.0
            DFN0P0     1      1.0        1.0
              DFN1   581      1.0      581.0
            DFN1C0   221      1.0      221.0
            DFN1E0   109      1.0      109.0
          DFN1E0C0    17      1.0       17.0
            DFN1E1  1216      1.0     1216.0
          DFN1E1C0    25      1.0       25.0
            DFN1P0    12      1.0       12.0
         RAM512X18    16      0.0        0.0
                   -----          ----------
             TOTAL  7236              6992.0


  IO Cell usage:
              cell count
             BIBUF    16
            CLKBUF     1
             INBUF    37
            OUTBUF    44
                   -----
             TOTAL    98


Core Cells         : 6992 of 24576 (28%)
IO Cells           : 98

  RAM/ROM Usage Summary
Block Rams : 16 of 32 (50%)

