Target Part: A3P1000_FBGA144_-2
Report for cell NMR_TOP.verilog
  Core Cell usage:
              cell count     area count*area
              AND2    68      1.0       68.0
             AND2A    19      1.0       19.0
              AND3   129      1.0      129.0
             AND3B     1      1.0        1.0
               AO1   145      1.0      145.0
              AO18    42      1.0       42.0
              AO1A    84      1.0       84.0
              AO1B    21      1.0       21.0
              AO1C    77      1.0       77.0
              AO1D     8      1.0        8.0
              AOI1    15      1.0       15.0
             AOI1A    15      1.0       15.0
             AOI1B     9      1.0        9.0
               AX1     8      1.0        8.0
              AX1A     1      1.0        1.0
              AX1C   115      1.0      115.0
              BUFF    19      1.0       19.0
            CLKINT     4      0.0        0.0
               GND   108      0.0        0.0
               INV     8      1.0        8.0
              MAJ3     3      1.0        3.0
              MIN3     5      1.0        5.0
               MX2   634      1.0      634.0
              MX2A    65      1.0       65.0
              MX2B    32      1.0       32.0
              MX2C    12      1.0       12.0
             NAND2    33      1.0       33.0
            NAND3A    24      1.0       24.0
              NOR2    61      1.0       61.0
             NOR2A   352      1.0      352.0
             NOR2B   671      1.0      671.0
              NOR3    87      1.0       87.0
             NOR3A   135      1.0      135.0
             NOR3B   217      1.0      217.0
             NOR3C   248      1.0      248.0
               OA1    39      1.0       39.0
              OA1A    17      1.0       17.0
              OA1B    35      1.0       35.0
              OA1C    15      1.0       15.0
              OAI1     8      1.0        8.0
               OR2    96      1.0       96.0
              OR2A   103      1.0      103.0
              OR2B    27      1.0       27.0
               OR3   219      1.0      219.0
              OR3A    17      1.0       17.0
              OR3B    11      1.0       11.0
              OR3C     4      1.0        4.0
               PLL     1      0.0        0.0
               VCC   108      0.0        0.0
               XA1    62      1.0       62.0
              XA1A     8      1.0        8.0
              XA1B     1      1.0        1.0
              XA1C    25      1.0       25.0
             XNOR2   136      1.0      136.0
             XNOR3    43      1.0       43.0
               XO1   104      1.0      104.0
              XOR2   422      1.0      422.0
              XOR3    14      1.0       14.0


              DFI0     1      1.0        1.0
              DFN0     1      1.0        1.0
            DFN0C0    27      1.0       27.0
            DFN0P0     1      1.0        1.0
              DFN1   583      1.0      583.0
            DFN1C0   220      1.0      220.0
            DFN1E0   109      1.0      109.0
          DFN1E0C0    17      1.0       17.0
            DFN1E1  1230      1.0     1230.0
          DFN1E1C0    25      1.0       25.0
            DFN1P0    11      1.0       11.0
         RAM512X18    16      0.0        0.0
                   -----          ----------
             TOTAL  7231              6994.0


  IO Cell usage:
              cell count
             BIBUF    16
             INBUF    38
            OUTBUF    42
                   -----
             TOTAL    96


Core Cells         : 6994 of 24576 (28%)
IO Cells           : 96

  RAM/ROM Usage Summary
Block Rams : 16 of 32 (50%)

