Actel Designer Software
Version: 9.1.0.18
Release: v9.1

Info: The design NMR_TOP.adb was last modified by software version 9.1.0.18.
Opened an existing Libero design NMR_TOP.adb.
'BA_NAME' set to 'NMR_TOP_ba'
'IDE_DESIGNERVIEW_NAME' set to 'Impl3'
'IDE_DESIGNERVIEW_COUNT' set to '1'
'IDE_DESIGNERVIEW_REV0' set to 'Impl3'
'IDE_DESIGNERVIEW_REVNUM0' set to '3'
'IDE_DESIGNERVIEW_ROOTDIR' set to
'F:\Project\tmp\2DNMRECBP\Final_One\2D_NMR_EC_FPGA_1013\designer'
'IDE_DESIGNERVIEW_LASTREV' set to '3'
Back-annotated to the file(s):
   .\NMR_TOP_ba.sdf
   .\NMR_TOP_ba.v

The Back-Annotate command succeeded ( 00:00:11 )
Design saved to file
F:\Project\tmp\2DNMRECBP\Final_One\2D_NMR_EC_FPGA_1013\designer\impl3\NMR_TOP.adb.

The Execute Script command succeeded ( 00:00:17 )
Design closed.

