Microsemi Libero Software
Version: 11.9.6.7
Release: v11.9 SP6

'IDE_DESIGNERVIEW_ROOTDIR' set to
'E:\LWD_NMR\Code\LWD_NMR_FPGA\20210415good\Libero_v11.9\2D_NMR_EC_FPGA_150205\designer'
Info: The design NMR_TOP_1.adb was last modified by software version 11.9.6.7.
Opened an existing Libero design NMR_TOP_1.adb.

The Execute Script command succeeded ( 00:00:21 )
Checking for software updates...
This software version is up to date.
Design saved to file
E:\LWD_NMR\Code\LWD_NMR_FPGA\20210415good\Libero_v11.9\2D_NMR_EC_FPGA_150205\designer\impl3\NMR\
_TOP_1.adb.
Wrote pin report to file:
E:\LWD_NMR\Code\LWD_NMR_FPGA\20210415good\Libero_v11.9\2D_NMR_EC_FPGA_150205\designer\impl1\NMR\
_TOP_report_pin_byname.txt

The Report command succeeded ( 00:00:02 )
Wrote pin report to file:
E:\LWD_NMR\Code\LWD_NMR_FPGA\20210415good\Libero_v11.9\2D_NMR_EC_FPGA_150205\designer\impl1\NMR\
_TOP_report_pin_bynumber.txt

The Report command succeeded ( 00:00:00 )

The Execute Script command succeeded ( 00:00:02 )
Design closed.

