
Starting:    D:\Libero_Soc11.9\SynplifyPro\bin64\mbin\synbatch.exe
Install:     D:\Libero_Soc11.9\SynplifyPro
Hostname:    DESKTOP-KQJC81O
Date:        Fri Jun 04 09:24:54 2021
Version:     L-2016.09M-SP1-5

Arguments:   -product synplify_pro -licensetype synplifypro_actel -batch -log synplify.log NMR_TOP_syn.tcl
ProductType: synplify_pro

License checkout: synplifypro_actel
License: synplifypro_actel node-locked 
Licensed Vendor: actel
License Option: actel_oem

Running in Vendor Mode


auto_infer_blackbox is not supported in current product.

log file: "E:\LWD_NMR\Code\LWD_NMR_FPGA\20210603good\Libero_v11.9\2D_NMR_EC_FPGA_150205\synthesis\NMR_TOP.srr"

Running: synthesis in foreground



Running NMR_TOP_syn|synthesis


Running: compile (Compile) on NMR_TOP_syn|synthesis
# Fri Jun 04 09:24:54 2021


Running: compile_flow (Compile Process) on NMR_TOP_syn|synthesis
# Fri Jun 04 09:24:54 2021


Running: compiler (Compile Input) on NMR_TOP_syn|synthesis
# Fri Jun 04 09:24:54 2021

Copied E:\LWD_NMR\Code\LWD_NMR_FPGA\20210603good\Libero_v11.9\2D_NMR_EC_FPGA_150205\synthesis\synwork\NMR_TOP_comp.srs to E:\LWD_NMR\Code\LWD_NMR_FPGA\20210603good\Libero_v11.9\2D_NMR_EC_FPGA_150205\synthesis\NMR_TOP.srs


compiler completed
# Fri Jun 04 09:24:56 2021

Return Code: 0
Run Time:00h:00m:02s


Running: multi_srs_gen (Multi-srs Generator) on NMR_TOP_syn|synthesis
# Fri Jun 04 09:24:56 2021


multi_srs_gen completed
# Fri Jun 04 09:24:56 2021

Return Code: 0
Run Time:00h:00m:00s

Copied E:\LWD_NMR\Code\LWD_NMR_FPGA\20210603good\Libero_v11.9\2D_NMR_EC_FPGA_150205\synthesis\synwork\NMR_TOP_mult.srs to E:\LWD_NMR\Code\LWD_NMR_FPGA\20210603good\Libero_v11.9\2D_NMR_EC_FPGA_150205\synthesis\NMR_TOP.srs

Complete: Compile Process on NMR_TOP_syn|synthesis


Running: premap (Pre-mapping) on NMR_TOP_syn|synthesis
# Fri Jun 04 09:24:56 2021


premap completed with warnings
# Fri Jun 04 09:24:57 2021

Return Code: 1
Run Time:00h:00m:01s

Complete: Compile on NMR_TOP_syn|synthesis


Running: map (Map) on NMR_TOP_syn|synthesis
# Fri Jun 04 09:24:57 2021

License granted for 4 parallel jobs


Running: fpga_mapper (Map & Optimize) on NMR_TOP_syn|synthesis
# Fri Jun 04 09:24:57 2021

Copied E:\LWD_NMR\Code\LWD_NMR_FPGA\20210603good\Libero_v11.9\2D_NMR_EC_FPGA_150205\synthesis\synwork\NMR_TOP_m.srm to E:\LWD_NMR\Code\LWD_NMR_FPGA\20210603good\Libero_v11.9\2D_NMR_EC_FPGA_150205\synthesis\NMR_TOP.srm


fpga_mapper completed with warnings
# Fri Jun 04 09:25:06 2021

Return Code: 1
Run Time:00h:00m:09s

Complete: Map on NMR_TOP_syn|synthesis

Complete: Logic Synthesis on NMR_TOP_syn|synthesis

TCL script complete: "NMR_TOP_syn.tcl"

exit status=0

exit status=0

License checkin: synplifypro_actel

