Microsemi Libero Software
Version: 11.9.6.7
Release: v11.9 SP6

'IDE_DESIGNERVIEW_ROOTDIR' set to
'E:\LWD_NMR\Code\20210907respository\LWD_NMR_FPGA\Libero_v11.9\2D_NMR_EC_FPGA_150205\designer'
Info: The design NMR_TOP_1.adb was last modified by software version 11.9.6.7.
Opened an existing Libero design NMR_TOP_1.adb.

The Execute Script command succeeded ( 00:00:15 )
Checking for software updates...
This software version is up to date.
Design saved to file
E:\LWD_NMR\Code\20210907respository\LWD_NMR_FPGA\Libero_v11.9\2D_NMR_EC_FPGA_150205\designer\im\
pl3\NMR_TOP_1.adb.
Wrote pin report to file:
E:\LWD_NMR\Code\20210907respository\LWD_NMR_FPGA\Libero_v11.9\2D_NMR_EC_FPGA_150205\designer\im\
pl1\NMR_TOP_report_pin_byname.txt

The Report command succeeded ( 00:00:01 )
Wrote pin report to file:
E:\LWD_NMR\Code\20210907respository\LWD_NMR_FPGA\Libero_v11.9\2D_NMR_EC_FPGA_150205\designer\im\
pl1\NMR_TOP_report_pin_bynumber.txt

The Report command succeeded ( 00:00:00 )

The Execute Script command succeeded ( 00:00:01 )
Design closed.

