FlashPro
Version: 11.9.6.7
Release: v11.9 SP6

Software Version: 11.9.6.7
PDB file
'E:\LWD_NMR\Code\20210907respository\LWD_NMR_FPGA\Libero_v11.9\2D_NMR_EC_FPGA_150205\designer\i\
mpl3\NMR_TOP_1.pdb' has been loaded successfully.
DESIGN : NMR_TOP;  CHECKSUM : 0BE5;  PDB_VERSION : 1.9
Warning: The programmer with id '09700' in the project file cannot be detected and connected.
Opened
'E:\LWD_NMR\Code\20210907respository\LWD_NMR_FPGA\Libero_v11.9\2D_NMR_EC_FPGA_150205\designer\i\
mpl3\NMR_TOP_1_fp\NMR_TOP_1.pro'
Checking for software updates...
This software version is up to date.
Rescanning for Programmers...
Driver : 3.0.0 build 1
programmer '09700' : FlashPro3
Rescanning for Programmers DONE.
programmer '09700' : Scan Chain...
Warning: programmer '09700' : Vpump has been selected on programmer AND an externally provided
         Vpump has also been detected. Using externally provided Vpump voltage source.
programmer '09700' : Scan Chain PASSED.
programmer '09700' : Executing action PROGRAM
programmer '09700' : EXPORT FSN[48] = 8178be4c546c
programmer '09700' : Erase ...
programmer '09700' : Completed erase
programmer '09700' : EXPORT CHECKSUM[16] = 0be5
programmer '09700' : Programming FPGA Array
programmer '09700' : Verifying FPGA Array
programmer '09700' :         Verifying FPGA Array -- pass
programmer '09700' : Finished: Thu Dec 16 11:29:56 2021 (Elapsed time 00:01:11)
programmer '09700' : Executing action PROGRAM PASSED.

                        o - o - o - o - o - o

Warning: Project 'NMR_TOP_1' has been modified. Do you want to save it? [YES]
Project saved.
Project closed.
