FlashPro
Version: 11.9.6.7
Release: v11.9 SP6

Software Version: 11.9.6.7
PDB file
'E:\LWD_NMR\Code\20201119\Libero_v11.9\2D_NMR_EC_FPGA_150205\designer\impl3\NMR_TOP_1.pdb' has
been loaded successfully.
DESIGN : NMR_TOP;  CHECKSUM : 24E4;  PDB_VERSION : 1.9
Driver : 3.0.0 build 1
programmer '81394' : FlashPro4
Opened
'E:\LWD_NMR\Code\20201119\Libero_v11.9\2D_NMR_EC_FPGA_150205\designer\impl3\NMR_TOP_1_fp\NMR_TO\
P_1.pro'
Checking for software updates...
This software version is up to date.
programmer '81394' : Scan Chain...
Warning: programmer '81394' : Vpump has been selected on programmer AND an externally provided
         Vpump has also been detected. Using externally provided Vpump voltage source.
programmer '81394' : Scan Chain PASSED.
programmer '81394' : Executing action PROGRAM
programmer '81394' : EXPORT FSN[48] = 8178be4c7450
programmer '81394' : Erase ...
programmer '81394' : Completed erase
programmer '81394' : EXPORT CHECKSUM[16] = 24e4
programmer '81394' : Programming FPGA Array
programmer '81394' : Verifying FPGA Array
programmer '81394' :         Verifying FPGA Array -- pass
programmer '81394' : Finished: Mon Dec 21 11:48:16 2020 (Elapsed time 00:00:59)
programmer '81394' : Executing action PROGRAM PASSED.

                        o - o - o - o - o - o

Project closed.
