# Reading D:/Libero_Soc11.9/Modelsim/tcl/vsim/pref.tcl
# ERROR: No extended dataflow license exists
# do run.do
# INFO: Simulation library presynth already exists
# Model Technology ModelSim Microsemi vmap 10.5c Lib Mapping Utility 2016.07 Jul 21 2016
# vmap presynth presynth 
# Modifying modelsim.ini
# Model Technology ModelSim Microsemi vmap 10.5c Lib Mapping Utility 2016.07 Jul 21 2016
# vmap proasic3 D:/Libero_Soc11.9/Designer/lib/modelsim/precompiled/vlog/proasic3 
# Modifying modelsim.ini
# Model Technology ModelSim Microsemi vlog 10.5c Compiler 2016.07 Jul 21 2016
# Start time: 17:02:51 on May 17,2021
# vlog -reportprogress 300 -vlog01compat -work presynth E:/LWD_NMR/Code/LWD_NMR_FPGA/20210415good/Libero_v11.9/2D_NMR_EC_FPGA_150205/hdl/syn_md.v 
# -- Compiling module syn_md
# 
# Top level modules:
# 	syn_md
# End time: 17:02:51 on May 17,2021, Elapsed time: 0:00:00
# Errors: 0, Warnings: 0
# Model Technology ModelSim Microsemi vlog 10.5c Compiler 2016.07 Jul 21 2016
# Start time: 17:02:51 on May 17,2021
# vlog -reportprogress 300 -vlog01compat -work presynth E:/LWD_NMR/Code/LWD_NMR_FPGA/20210415good/Libero_v11.9/2D_NMR_EC_FPGA_150205/hdl/syn_md_combine.v 
# -- Compiling module syn_md_combine
# 
# Top level modules:
# 	syn_md_combine
# End time: 17:02:51 on May 17,2021, Elapsed time: 0:00:00
# Errors: 0, Warnings: 0
# Model Technology ModelSim Microsemi vlog 10.5c Compiler 2016.07 Jul 21 2016
# Start time: 17:02:51 on May 17,2021
# vlog -reportprogress 300 -vlog01compat -work presynth E:/LWD_NMR/Code/LWD_NMR_FPGA/20210415good/Libero_v11.9/2D_NMR_EC_FPGA_150205/hdl/syn_md_edge_detect.v 
# -- Compiling module syn_md_edge_detect
# 
# Top level modules:
# 	syn_md_edge_detect
# End time: 17:02:51 on May 17,2021, Elapsed time: 0:00:00
# Errors: 0, Warnings: 0
# Model Technology ModelSim Microsemi vlog 10.5c Compiler 2016.07 Jul 21 2016
# Start time: 17:02:51 on May 17,2021
# vlog -reportprogress 300 -vlog01compat -work presynth E:/LWD_NMR/Code/LWD_NMR_FPGA/20210415good/Libero_v11.9/2D_NMR_EC_FPGA_150205/component/work/syn_md_module/syn_md_module.v 
# -- Compiling module syn_md_module
# 
# Top level modules:
# 	syn_md_module
# End time: 17:02:51 on May 17,2021, Elapsed time: 0:00:00
# Errors: 0, Warnings: 0
# Model Technology ModelSim Microsemi vlog 10.5c Compiler 2016.07 Jul 21 2016
# Start time: 17:02:51 on May 17,2021
# vlog -reportprogress 300 "+incdir+E:/LWD_NMR/Code/LWD_NMR_FPGA/20210415good/Libero_v11.9/2D_NMR_EC_FPGA_150205/stimulus" -vlog01compat -work presynth E:/LWD_NMR/Code/LWD_NMR_FPGA/20210415good/Libero_v11.9/2D_NMR_EC_FPGA_150205/stimulus/syn_md_module_tb.v 
# -- Compiling module syn_md_module_tb
# 
# Top level modules:
# 	syn_md_module_tb
# End time: 17:02:51 on May 17,2021, Elapsed time: 0:00:00
# Errors: 0, Warnings: 0
# vsim -L proasic3 -L presynth -t 1ps presynth.syn_md_module_tb 
# Start time: 17:02:52 on May 17,2021
# //  ModelSim Microsemi 10.5c Jul 21 2016
# //
# //  Copyright 1991-2016 Mentor Graphics Corporation
# //  All Rights Reserved.
# //
# //  ModelSim Microsemi and its associated documentation contain trade
# //  secrets and commercial or financial information that are the property of
# //  Mentor Graphics Corporation and are privileged, confidential,
# //  and exempt from disclosure under the Freedom of Information Act,
# //  5 U.S.C. Section 552. Furthermore, this information
# //  is prohibited from disclosure under the Trade Secrets Act,
# //  18 U.S.C. Section 1905.
# //
# Loading presynth.syn_md_module_tb
# Loading presynth.syn_md_module
# Loading presynth.syn_md
# Loading presynth.syn_md_combine
# Loading presynth.syn_md_edge_detect
run
# End time: 17:08:07 on May 17,2021, Elapsed time: 0:05:15
# Errors: 0, Warnings: 0
